2014/03/04 11:15:14 [error] [exception.CHttpException.404] exception 'CHttpException' with message 'The system is unable to find the requested action "contact;".' in /Applications/MAMP/htdocs/dar_yii/framework/web/CController.php:483
Stack trace:
#0 /Applications/MAMP/htdocs/dar_yii/framework/web/CController.php(270): CController->missingAction('contact;')
#1 /Applications/MAMP/htdocs/dar_yii/framework/web/CWebApplication.php(282): CController->run('contact;')
#2 /Applications/MAMP/htdocs/dar_yii/framework/web/CWebApplication.php(141): CWebApplication->runController('site/contact;')
#3 /Applications/MAMP/htdocs/dar_yii/framework/base/CApplication.php(184): CWebApplication->processRequest()
#4 /Applications/MAMP/htdocs/dar_yii/blog/index.php(13): CApplication->run()
#5 {main}
REQUEST_URI=/dar_yii/blog/index.php?r=site/contact;
---
2014/03/05 16:50:25 [error] [exception.CHttpException.404] exception 'CHttpException' with message 'Unable to resolve the request "post".' in /Applications/MAMP/htdocs/dar_yii/framework/web/CWebApplication.php:286
Stack trace:
#0 /Applications/MAMP/htdocs/dar_yii/framework/web/CWebApplication.php(141): CWebApplication->runController('post')
#1 /Applications/MAMP/htdocs/dar_yii/framework/base/CApplication.php(184): CWebApplication->processRequest()
#2 /Applications/MAMP/htdocs/dar_yii/blog/index.php(13): CApplication->run()
#3 {main}
REQUEST_URI=/dar_yii/blog/index.php?r=post
---
2014/03/05 17:17:34 [error] [php] Use of undefined constant user - assumed 'user' (/Applications/MAMP/htdocs/dar_yii/blog/protected/components/UserIdentity.php:24)
Stack trace:
#0 /Applications/MAMP/htdocs/dar_yii/framework/validators/CValidator.php(213): CInlineValidator->validateAttribute()
#1 /Applications/MAMP/htdocs/dar_yii/framework/base/CModel.php(159): CInlineValidator->validate()
#2 /Applications/MAMP/htdocs/dar_yii/blog/protected/controllers/SiteController.php(94): LoginForm->validate()
#3 /Applications/MAMP/htdocs/dar_yii/framework/web/actions/CInlineAction.php(49): SiteController->actionLogin()
#4 /Applications/MAMP/htdocs/dar_yii/framework/web/CController.php(308): CInlineAction->runWithParams()
#5 /Applications/MAMP/htdocs/dar_yii/framework/web/CController.php(286): SiteController->runAction()
#6 /Applications/MAMP/htdocs/dar_yii/framework/web/CController.php(265): SiteController->runActionWithFilters()
#7 /Applications/MAMP/htdocs/dar_yii/framework/web/CWebApplication.php(282): SiteController->run()
#8 /Applications/MAMP/htdocs/dar_yii/framework/web/CWebApplication.php(141): CWebApplication->runController()
#9 /Applications/MAMP/htdocs/dar_yii/framework/base/CApplication.php(184): CWebApplication->processRequest()
#10 /Applications/MAMP/htdocs/dar_yii/blog/index.php(13): CWebApplication->run()
REQUEST_URI=/dar_yii/blog/index.php?r=site/login
in /Applications/MAMP/htdocs/dar_yii/blog/protected/components/UserIdentity.php (24)
in /Applications/MAMP/htdocs/dar_yii/blog/protected/models/LoginForm.php (52)
in /Applications/MAMP/htdocs/dar_yii/blog/protected/controllers/SiteController.php (94)
2014/03/05 17:17:40 [error] [php] Use of undefined constant user - assumed 'user' (/Applications/MAMP/htdocs/dar_yii/blog/protected/components/UserIdentity.php:24)
Stack trace:
#0 /Applications/MAMP/htdocs/dar_yii/framework/validators/CValidator.php(213): CInlineValidator->validateAttribute()
#1 /Applications/MAMP/htdocs/dar_yii/framework/base/CModel.php(159): CInlineValidator->validate()
#2 /Applications/MAMP/htdocs/dar_yii/blog/protected/controllers/SiteController.php(94): LoginForm->validate()
#3 /Applications/MAMP/htdocs/dar_yii/framework/web/actions/CInlineAction.php(49): SiteController->actionLogin()
#4 /Applications/MAMP/htdocs/dar_yii/framework/web/CController.php(308): CInlineAction->runWithParams()
#5 /Applications/MAMP/htdocs/dar_yii/framework/web/CController.php(286): SiteController->runAction()
#6 /Applications/MAMP/htdocs/dar_yii/framework/web/CController.php(265): SiteController->runActionWithFilters()
#7 /Applications/MAMP/htdocs/dar_yii/framework/web/CWebApplication.php(282): SiteController->run()
#8 /Applications/MAMP/htdocs/dar_yii/framework/web/CWebApplication.php(141): CWebApplication->runController()
#9 /Applications/MAMP/htdocs/dar_yii/framework/base/CApplication.php(184): CWebApplication->processRequest()
#10 /Applications/MAMP/htdocs/dar_yii/blog/index.php(13): CWebApplication->run()
REQUEST_URI=/dar_yii/blog/index.php?r=site/login
in /Applications/MAMP/htdocs/dar_yii/blog/protected/components/UserIdentity.php (24)
in /Applications/MAMP/htdocs/dar_yii/blog/protected/models/LoginForm.php (52)
in /Applications/MAMP/htdocs/dar_yii/blog/protected/controllers/SiteController.php (94)
2014/03/05 17:18:09 [error] [php] Use of undefined constant user - assumed 'user' (/Applications/MAMP/htdocs/dar_yii/blog/protected/components/UserIdentity.php:24)
Stack trace:
#0 /Applications/MAMP/htdocs/dar_yii/framework/validators/CValidator.php(213): CInlineValidator->validateAttribute()
#1 /Applications/MAMP/htdocs/dar_yii/framework/base/CModel.php(159): CInlineValidator->validate()
#2 /Applications/MAMP/htdocs/dar_yii/blog/protected/controllers/SiteController.php(94): LoginForm->validate()
#3 /Applications/MAMP/htdocs/dar_yii/framework/web/actions/CInlineAction.php(49): SiteController->actionLogin()
#4 /Applications/MAMP/htdocs/dar_yii/framework/web/CController.php(308): CInlineAction->runWithParams()
#5 /Applications/MAMP/htdocs/dar_yii/framework/web/CController.php(286): SiteController->runAction()
#6 /Applications/MAMP/htdocs/dar_yii/framework/web/CController.php(265): SiteController->runActionWithFilters()
#7 /Applications/MAMP/htdocs/dar_yii/framework/web/CWebApplication.php(282): SiteController->run()
#8 /Applications/MAMP/htdocs/dar_yii/framework/web/CWebApplication.php(141): CWebApplication->runController()
#9 /Applications/MAMP/htdocs/dar_yii/framework/base/CApplication.php(184): CWebApplication->processRequest()
#10 /Applications/MAMP/htdocs/dar_yii/blog/index.php(13): CWebApplication->run()
REQUEST_URI=/dar_yii/blog/index.php?r=site/login
in /Applications/MAMP/htdocs/dar_yii/blog/protected/components/UserIdentity.php (24)
in /Applications/MAMP/htdocs/dar_yii/blog/protected/models/LoginForm.php (52)
in /Applications/MAMP/htdocs/dar_yii/blog/protected/controllers/SiteController.php (94)
2014/03/05 17:18:16 [error] [php] Use of undefined constant user - assumed 'user' (/Applications/MAMP/htdocs/dar_yii/blog/protected/components/UserIdentity.php:24)
Stack trace:
#0 /Applications/MAMP/htdocs/dar_yii/framework/validators/CValidator.php(213): CInlineValidator->validateAttribute()
#1 /Applications/MAMP/htdocs/dar_yii/framework/base/CModel.php(159): CInlineValidator->validate()
#2 /Applications/MAMP/htdocs/dar_yii/blog/protected/controllers/SiteController.php(94): LoginForm->validate()
#3 /Applications/MAMP/htdocs/dar_yii/framework/web/actions/CInlineAction.php(49): SiteController->actionLogin()
#4 /Applications/MAMP/htdocs/dar_yii/framework/web/CController.php(308): CInlineAction->runWithParams()
#5 /Applications/MAMP/htdocs/dar_yii/framework/web/CController.php(286): SiteController->runAction()
#6 /Applications/MAMP/htdocs/dar_yii/framework/web/CController.php(265): SiteController->runActionWithFilters()
#7 /Applications/MAMP/htdocs/dar_yii/framework/web/CWebApplication.php(282): SiteController->run()
#8 /Applications/MAMP/htdocs/dar_yii/framework/web/CWebApplication.php(141): CWebApplication->runController()
#9 /Applications/MAMP/htdocs/dar_yii/framework/base/CApplication.php(184): CWebApplication->processRequest()
#10 /Applications/MAMP/htdocs/dar_yii/blog/index.php(13): CWebApplication->run()
REQUEST_URI=/dar_yii/blog/index.php?r=site/login
in /Applications/MAMP/htdocs/dar_yii/blog/protected/components/UserIdentity.php (24)
in /Applications/MAMP/htdocs/dar_yii/blog/protected/models/LoginForm.php (52)
in /Applications/MAMP/htdocs/dar_yii/blog/protected/controllers/SiteController.php (94)
2014/03/05 17:21:01 [error] [php] Use of undefined constant user - assumed 'user' (/Applications/MAMP/htdocs/dar_yii/blog/protected/components/UserIdentity.php:24)
Stack trace:
#0 /Applications/MAMP/htdocs/dar_yii/framework/validators/CValidator.php(213): CInlineValidator->validateAttribute()
#1 /Applications/MAMP/htdocs/dar_yii/framework/base/CModel.php(159): CInlineValidator->validate()
#2 /Applications/MAMP/htdocs/dar_yii/blog/protected/controllers/SiteController.php(94): LoginForm->validate()
#3 /Applications/MAMP/htdocs/dar_yii/framework/web/actions/CInlineAction.php(49): SiteController->actionLogin()
#4 /Applications/MAMP/htdocs/dar_yii/framework/web/CController.php(308): CInlineAction->runWithParams()
#5 /Applications/MAMP/htdocs/dar_yii/framework/web/CController.php(286): SiteController->runAction()
#6 /Applications/MAMP/htdocs/dar_yii/framework/web/CController.php(265): SiteController->runActionWithFilters()
#7 /Applications/MAMP/htdocs/dar_yii/framework/web/CWebApplication.php(282): SiteController->run()
#8 /Applications/MAMP/htdocs/dar_yii/framework/web/CWebApplication.php(141): CWebApplication->runController()
#9 /Applications/MAMP/htdocs/dar_yii/framework/base/CApplication.php(184): CWebApplication->processRequest()
#10 /Applications/MAMP/htdocs/dar_yii/blog/index.php(13): CWebApplication->run()
REQUEST_URI=/dar_yii/blog/index.php?r=site/login
in /Applications/MAMP/htdocs/dar_yii/blog/protected/components/UserIdentity.php (24)
in /Applications/MAMP/htdocs/dar_yii/blog/protected/models/LoginForm.php (52)
in /Applications/MAMP/htdocs/dar_yii/blog/protected/controllers/SiteController.php (94)
2014/03/05 17:21:49 [error] [php] Use of undefined constant user - assumed 'user' (/Applications/MAMP/htdocs/dar_yii/blog/protected/components/UserIdentity.php:24)
Stack trace:
#0 /Applications/MAMP/htdocs/dar_yii/framework/validators/CValidator.php(213): CInlineValidator->validateAttribute()
#1 /Applications/MAMP/htdocs/dar_yii/framework/base/CModel.php(159): CInlineValidator->validate()
#2 /Applications/MAMP/htdocs/dar_yii/blog/protected/controllers/SiteController.php(94): LoginForm->validate()
#3 /Applications/MAMP/htdocs/dar_yii/framework/web/actions/CInlineAction.php(49): SiteController->actionLogin()
#4 /Applications/MAMP/htdocs/dar_yii/framework/web/CController.php(308): CInlineAction->runWithParams()
#5 /Applications/MAMP/htdocs/dar_yii/framework/web/CController.php(286): SiteController->runAction()
#6 /Applications/MAMP/htdocs/dar_yii/framework/web/CController.php(265): SiteController->runActionWithFilters()
#7 /Applications/MAMP/htdocs/dar_yii/framework/web/CWebApplication.php(282): SiteController->run()
#8 /Applications/MAMP/htdocs/dar_yii/framework/web/CWebApplication.php(141): CWebApplication->runController()
#9 /Applications/MAMP/htdocs/dar_yii/framework/base/CApplication.php(184): CWebApplication->processRequest()
#10 /Applications/MAMP/htdocs/dar_yii/blog/index.php(13): CWebApplication->run()
REQUEST_URI=/dar_yii/blog/index.php?r=site/login
in /Applications/MAMP/htdocs/dar_yii/blog/protected/components/UserIdentity.php (24)
in /Applications/MAMP/htdocs/dar_yii/blog/protected/models/LoginForm.php (52)
in /Applications/MAMP/htdocs/dar_yii/blog/protected/controllers/SiteController.php (94)
2014/03/05 17:22:56 [error] [exception.CException] exception 'CException' with message 'User and its behaviors do not have a method or closure named "validatePassword".' in /Applications/MAMP/htdocs/dar_yii/framework/base/CComponent.php:266
Stack trace:
#0 /Applications/MAMP/htdocs/dar_yii/framework/db/ar/CActiveRecord.php(227): CComponent->__call('validatePasswor...', Array)
#1 /Applications/MAMP/htdocs/dar_yii/blog/protected/components/UserIdentity.php(26): CActiveRecord->__call('validatePasswor...', Array)
#2 /Applications/MAMP/htdocs/dar_yii/blog/protected/components/UserIdentity.php(26): User->validatePassword('demo')
#3 /Applications/MAMP/htdocs/dar_yii/blog/protected/models/LoginForm.php(52): UserIdentity->authenticate()
#4 /Applications/MAMP/htdocs/dar_yii/framework/validators/CInlineValidator.php(42): LoginForm->authenticate('password', Array)
#5 /Applications/MAMP/htdocs/dar_yii/framework/validators/CValidator.php(213): CInlineValidator->validateAttribute(Object(LoginForm), 'password')
#6 /Applications/MAMP/htdocs/dar_yii/framework/base/CModel.php(159): CValidator->validate(Object(LoginForm), NULL)
#7 /Applications/MAMP/htdocs/dar_yii/blog/protected/controllers/SiteController.php(94): CModel->validate()
#8 /Applications/MAMP/htdocs/dar_yii/framework/web/actions/CInlineAction.php(49): SiteController->actionLogin()
#9 /Applications/MAMP/htdocs/dar_yii/framework/web/CController.php(308): CInlineAction->runWithParams(Array)
#10 /Applications/MAMP/htdocs/dar_yii/framework/web/CController.php(286): CController->runAction(Object(CInlineAction))
#11 /Applications/MAMP/htdocs/dar_yii/framework/web/CController.php(265): CController->runActionWithFilters(Object(CInlineAction), Array)
#12 /Applications/MAMP/htdocs/dar_yii/framework/web/CWebApplication.php(282): CController->run('login')
#13 /Applications/MAMP/htdocs/dar_yii/framework/web/CWebApplication.php(141): CWebApplication->runController('site/login')
#14 /Applications/MAMP/htdocs/dar_yii/framework/base/CApplication.php(184): CWebApplication->processRequest()
#15 /Applications/MAMP/htdocs/dar_yii/blog/index.php(13): CApplication->run()
#16 {main}
REQUEST_URI=/dar_yii/blog/index.php?r=site/login
HTTP_REFERER=http://localhost/dar_yii/blog/index.php?r=site/login
---
2014/03/05 17:23:03 [error] [exception.CException] exception 'CException' with message 'User and its behaviors do not have a method or closure named "validatePassword".' in /Applications/MAMP/htdocs/dar_yii/framework/base/CComponent.php:266
Stack trace:
#0 /Applications/MAMP/htdocs/dar_yii/framework/db/ar/CActiveRecord.php(227): CComponent->__call('validatePasswor...', Array)
#1 /Applications/MAMP/htdocs/dar_yii/blog/protected/components/UserIdentity.php(26): CActiveRecord->__call('validatePasswor...', Array)
#2 /Applications/MAMP/htdocs/dar_yii/blog/protected/components/UserIdentity.php(26): User->validatePassword('demo')
#3 /Applications/MAMP/htdocs/dar_yii/blog/protected/models/LoginForm.php(52): UserIdentity->authenticate()
#4 /Applications/MAMP/htdocs/dar_yii/framework/validators/CInlineValidator.php(42): LoginForm->authenticate('password', Array)
#5 /Applications/MAMP/htdocs/dar_yii/framework/validators/CValidator.php(213): CInlineValidator->validateAttribute(Object(LoginForm), 'password')
#6 /Applications/MAMP/htdocs/dar_yii/framework/base/CModel.php(159): CValidator->validate(Object(LoginForm), NULL)
#7 /Applications/MAMP/htdocs/dar_yii/blog/protected/controllers/SiteController.php(94): CModel->validate()
#8 /Applications/MAMP/htdocs/dar_yii/framework/web/actions/CInlineAction.php(49): SiteController->actionLogin()
#9 /Applications/MAMP/htdocs/dar_yii/framework/web/CController.php(308): CInlineAction->runWithParams(Array)
#10 /Applications/MAMP/htdocs/dar_yii/framework/web/CController.php(286): CController->runAction(Object(CInlineAction))
#11 /Applications/MAMP/htdocs/dar_yii/framework/web/CController.php(265): CController->runActionWithFilters(Object(CInlineAction), Array)
#12 /Applications/MAMP/htdocs/dar_yii/framework/web/CWebApplication.php(282): CController->run('login')
#13 /Applications/MAMP/htdocs/dar_yii/framework/web/CWebApplication.php(141): CWebApplication->runController('site/login')
#14 /Applications/MAMP/htdocs/dar_yii/framework/base/CApplication.php(184): CWebApplication->processRequest()
#15 /Applications/MAMP/htdocs/dar_yii/blog/index.php(13): CApplication->run()
#16 {main}
REQUEST_URI=/dar_yii/blog/index.php?r=site/login
HTTP_REFERER=http://localhost/dar_yii/blog/index.php?r=site/login
---
2014/03/05 17:28:47 [error] [exception.CException] exception 'CException' with message 'Property "User.salt" is not defined.' in /Applications/MAMP/htdocs/dar_yii/framework/base/CComponent.php:130
Stack trace:
#0 /Applications/MAMP/htdocs/dar_yii/framework/db/ar/CActiveRecord.php(145): CComponent->__get('salt')
#1 /Applications/MAMP/htdocs/dar_yii/blog/protected/models/User.php(24): CActiveRecord->__get('salt')
#2 /Applications/MAMP/htdocs/dar_yii/blog/protected/components/UserIdentity.php(26): User->validatePassword('dem o')
#3 /Applications/MAMP/htdocs/dar_yii/blog/protected/models/LoginForm.php(52): UserIdentity->authenticate()
#4 /Applications/MAMP/htdocs/dar_yii/framework/validators/CInlineValidator.php(42): LoginForm->authenticate('password', Array)
#5 /Applications/MAMP/htdocs/dar_yii/framework/validators/CValidator.php(213): CInlineValidator->validateAttribute(Object(LoginForm), 'password')
#6 /Applications/MAMP/htdocs/dar_yii/framework/base/CModel.php(159): CValidator->validate(Object(LoginForm), NULL)
#7 /Applications/MAMP/htdocs/dar_yii/blog/protected/controllers/SiteController.php(94): CModel->validate()
#8 /Applications/MAMP/htdocs/dar_yii/framework/web/actions/CInlineAction.php(49): SiteController->actionLogin()
#9 /Applications/MAMP/htdocs/dar_yii/framework/web/CController.php(308): CInlineAction->runWithParams(Array)
#10 /Applications/MAMP/htdocs/dar_yii/framework/web/CController.php(286): CController->runAction(Object(CInlineAction))
#11 /Applications/MAMP/htdocs/dar_yii/framework/web/CController.php(265): CController->runActionWithFilters(Object(CInlineAction), Array)
#12 /Applications/MAMP/htdocs/dar_yii/framework/web/CWebApplication.php(282): CController->run('login')
#13 /Applications/MAMP/htdocs/dar_yii/framework/web/CWebApplication.php(141): CWebApplication->runController('site/login')
#14 /Applications/MAMP/htdocs/dar_yii/framework/base/CApplication.php(184): CWebApplication->processRequest()
#15 /Applications/MAMP/htdocs/dar_yii/blog/index.php(13): CApplication->run()
#16 {main}
REQUEST_URI=/dar_yii/blog/index.php?r=site/login
HTTP_REFERER=http://localhost/dar_yii/blog/index.php?r=site/login
---
2014/03/05 17:29:25 [error] [exception.CException] exception 'CException' with message 'Property "User.salt" is not defined.' in /Applications/MAMP/htdocs/dar_yii/framework/base/CComponent.php:130
Stack trace:
#0 /Applications/MAMP/htdocs/dar_yii/framework/db/ar/CActiveRecord.php(145): CComponent->__get('salt')
#1 /Applications/MAMP/htdocs/dar_yii/blog/protected/models/User.php(24): CActiveRecord->__get('salt')
#2 /Applications/MAMP/htdocs/dar_yii/blog/protected/components/UserIdentity.php(26): User->validatePassword('demo')
#3 /Applications/MAMP/htdocs/dar_yii/blog/protected/models/LoginForm.php(52): UserIdentity->authenticate()
#4 /Applications/MAMP/htdocs/dar_yii/framework/validators/CInlineValidator.php(42): LoginForm->authenticate('password', Array)
#5 /Applications/MAMP/htdocs/dar_yii/framework/validators/CValidator.php(213): CInlineValidator->validateAttribute(Object(LoginForm), 'password')
#6 /Applications/MAMP/htdocs/dar_yii/framework/base/CModel.php(159): CValidator->validate(Object(LoginForm), NULL)
#7 /Applications/MAMP/htdocs/dar_yii/blog/protected/controllers/SiteController.php(94): CModel->validate()
#8 /Applications/MAMP/htdocs/dar_yii/framework/web/actions/CInlineAction.php(49): SiteController->actionLogin()
#9 /Applications/MAMP/htdocs/dar_yii/framework/web/CController.php(308): CInlineAction->runWithParams(Array)
#10 /Applications/MAMP/htdocs/dar_yii/framework/web/CController.php(286): CController->runAction(Object(CInlineAction))
#11 /Applications/MAMP/htdocs/dar_yii/framework/web/CController.php(265): CController->runActionWithFilters(Object(CInlineAction), Array)
#12 /Applications/MAMP/htdocs/dar_yii/framework/web/CWebApplication.php(282): CController->run('login')
#13 /Applications/MAMP/htdocs/dar_yii/framework/web/CWebApplication.php(141): CWebApplication->runController('site/login')
#14 /Applications/MAMP/htdocs/dar_yii/framework/base/CApplication.php(184): CWebApplication->processRequest()
#15 /Applications/MAMP/htdocs/dar_yii/blog/index.php(13): CApplication->run()
#16 {main}
REQUEST_URI=/dar_yii/blog/index.php?r=site/login
HTTP_REFERER=http://localhost/dar_yii/blog/index.php?r=site/login
---
2014/03/05 17:32:21 [error] [exception.CException] exception 'CException' with message 'Property "User.salt" is not defined.' in /Applications/MAMP/htdocs/dar_yii/framework/base/CComponent.php:130
Stack trace:
#0 /Applications/MAMP/htdocs/dar_yii/framework/db/ar/CActiveRecord.php(145): CComponent->__get('salt')
#1 /Applications/MAMP/htdocs/dar_yii/blog/protected/models/User.php(24): CActiveRecord->__get('salt')
#2 /Applications/MAMP/htdocs/dar_yii/blog/protected/components/UserIdentity.php(26): User->validatePassword('demo')
#3 /Applications/MAMP/htdocs/dar_yii/blog/protected/models/LoginForm.php(52): UserIdentity->authenticate()
#4 /Applications/MAMP/htdocs/dar_yii/framework/validators/CInlineValidator.php(42): LoginForm->authenticate('password', Array)
#5 /Applications/MAMP/htdocs/dar_yii/framework/validators/CValidator.php(213): CInlineValidator->validateAttribute(Object(LoginForm), 'password')
#6 /Applications/MAMP/htdocs/dar_yii/framework/base/CModel.php(159): CValidator->validate(Object(LoginForm), NULL)
#7 /Applications/MAMP/htdocs/dar_yii/blog/protected/controllers/SiteController.php(94): CModel->validate()
#8 /Applications/MAMP/htdocs/dar_yii/framework/web/actions/CInlineAction.php(49): SiteController->actionLogin()
#9 /Applications/MAMP/htdocs/dar_yii/framework/web/CController.php(308): CInlineAction->runWithParams(Array)
#10 /Applications/MAMP/htdocs/dar_yii/framework/web/CController.php(286): CController->runAction(Object(CInlineAction))
#11 /Applications/MAMP/htdocs/dar_yii/framework/web/CController.php(265): CController->runActionWithFilters(Object(CInlineAction), Array)
#12 /Applications/MAMP/htdocs/dar_yii/framework/web/CWebApplication.php(282): CController->run('login')
#13 /Applications/MAMP/htdocs/dar_yii/framework/web/CWebApplication.php(141): CWebApplication->runController('site/login')
#14 /Applications/MAMP/htdocs/dar_yii/framework/base/CApplication.php(184): CWebApplication->processRequest()
#15 /Applications/MAMP/htdocs/dar_yii/blog/index.php(13): CApplication->run()
#16 {main}
REQUEST_URI=/dar_yii/blog/index.php?r=site/login
HTTP_REFERER=http://localhost/dar_yii/blog/index.php?r=site/login
---
2014/03/05 17:47:38 [error] [exception.CException] exception 'CException' with message 'Property "User.salt" is not defined.' in /Applications/MAMP/htdocs/dar_yii/framework/base/CComponent.php:130
Stack trace:
#0 /Applications/MAMP/htdocs/dar_yii/framework/db/ar/CActiveRecord.php(145): CComponent->__get('salt')
#1 /Applications/MAMP/htdocs/dar_yii/blog/protected/models/User.php(24): CActiveRecord->__get('salt')
#2 /Applications/MAMP/htdocs/dar_yii/blog/protected/components/UserIdentity.php(26): User->validatePassword('demo')
#3 /Applications/MAMP/htdocs/dar_yii/blog/protected/models/LoginForm.php(52): UserIdentity->authenticate()
#4 /Applications/MAMP/htdocs/dar_yii/framework/validators/CInlineValidator.php(42): LoginForm->authenticate('password', Array)
#5 /Applications/MAMP/htdocs/dar_yii/framework/validators/CValidator.php(213): CInlineValidator->validateAttribute(Object(LoginForm), 'password')
#6 /Applications/MAMP/htdocs/dar_yii/framework/base/CModel.php(159): CValidator->validate(Object(LoginForm), NULL)
#7 /Applications/MAMP/htdocs/dar_yii/blog/protected/controllers/SiteController.php(94): CModel->validate()
#8 /Applications/MAMP/htdocs/dar_yii/framework/web/actions/CInlineAction.php(49): SiteController->actionLogin()
#9 /Applications/MAMP/htdocs/dar_yii/framework/web/CController.php(308): CInlineAction->runWithParams(Array)
#10 /Applications/MAMP/htdocs/dar_yii/framework/web/CController.php(286): CController->runAction(Object(CInlineAction))
#11 /Applications/MAMP/htdocs/dar_yii/framework/web/CController.php(265): CController->runActionWithFilters(Object(CInlineAction), Array)
#12 /Applications/MAMP/htdocs/dar_yii/framework/web/CWebApplication.php(282): CController->run('login')
#13 /Applications/MAMP/htdocs/dar_yii/framework/web/CWebApplication.php(141): CWebApplication->runController('site/login')
#14 /Applications/MAMP/htdocs/dar_yii/framework/base/CApplication.php(184): CWebApplication->processRequest()
#15 /Applications/MAMP/htdocs/dar_yii/blog/index.php(13): CApplication->run()
#16 {main}
REQUEST_URI=/dar_yii/blog/index.php?r=site/login
HTTP_REFERER=http://localhost/dar_yii/blog/index.php?r=site/login
---
2014/03/06 10:14:01 [error] [exception.CException] exception 'CException' with message 'Property "User.salt" is not defined.' in /Applications/MAMP/htdocs/dar_yii/framework/base/CComponent.php:130
Stack trace:
#0 /Applications/MAMP/htdocs/dar_yii/framework/db/ar/CActiveRecord.php(145): CComponent->__get('salt')
#1 /Applications/MAMP/htdocs/dar_yii/blog/protected/models/User.php(26): CActiveRecord->__get('salt')
#2 /Applications/MAMP/htdocs/dar_yii/blog/protected/components/UserIdentity.php(26): User->validatePassword('demo')
#3 /Applications/MAMP/htdocs/dar_yii/blog/protected/models/LoginForm.php(52): UserIdentity->authenticate()
#4 /Applications/MAMP/htdocs/dar_yii/framework/validators/CInlineValidator.php(42): LoginForm->authenticate('password', Array)
#5 /Applications/MAMP/htdocs/dar_yii/framework/validators/CValidator.php(213): CInlineValidator->validateAttribute(Object(LoginForm), 'password')
#6 /Applications/MAMP/htdocs/dar_yii/framework/base/CModel.php(159): CValidator->validate(Object(LoginForm), NULL)
#7 /Applications/MAMP/htdocs/dar_yii/blog/protected/controllers/SiteController.php(94): CModel->validate()
#8 /Applications/MAMP/htdocs/dar_yii/framework/web/actions/CInlineAction.php(49): SiteController->actionLogin()
#9 /Applications/MAMP/htdocs/dar_yii/framework/web/CController.php(308): CInlineAction->runWithParams(Array)
#10 /Applications/MAMP/htdocs/dar_yii/framework/web/CController.php(286): CController->runAction(Object(CInlineAction))
#11 /Applications/MAMP/htdocs/dar_yii/framework/web/CController.php(265): CController->runActionWithFilters(Object(CInlineAction), Array)
#12 /Applications/MAMP/htdocs/dar_yii/framework/web/CWebApplication.php(282): CController->run('login')
#13 /Applications/MAMP/htdocs/dar_yii/framework/web/CWebApplication.php(141): CWebApplication->runController('site/login')
#14 /Applications/MAMP/htdocs/dar_yii/framework/base/CApplication.php(184): CWebApplication->processRequest()
#15 /Applications/MAMP/htdocs/dar_yii/blog/index.php(13): CApplication->run()
#16 {main}
REQUEST_URI=/dar_yii/blog/index.php?r=site/login
HTTP_REFERER=http://localhost/dar_yii/blog/index.php?r=site/login
---
2014/03/06 10:17:13 [error] [exception.CException] exception 'CException' with message 'Property "User.salt" is not defined.' in /Applications/MAMP/htdocs/dar_yii/framework/base/CComponent.php:130
Stack trace:
#0 /Applications/MAMP/htdocs/dar_yii/framework/db/ar/CActiveRecord.php(145): CComponent->__get('salt')
#1 /Applications/MAMP/htdocs/dar_yii/blog/protected/models/User.php(29): CActiveRecord->__get('salt')
#2 /Applications/MAMP/htdocs/dar_yii/blog/protected/components/UserIdentity.php(26): User->validatePassword('demo')
#3 /Applications/MAMP/htdocs/dar_yii/blog/protected/models/LoginForm.php(52): UserIdentity->authenticate()
#4 /Applications/MAMP/htdocs/dar_yii/framework/validators/CInlineValidator.php(42): LoginForm->authenticate('password', Array)
#5 /Applications/MAMP/htdocs/dar_yii/framework/validators/CValidator.php(213): CInlineValidator->validateAttribute(Object(LoginForm), 'password')
#6 /Applications/MAMP/htdocs/dar_yii/framework/base/CModel.php(159): CValidator->validate(Object(LoginForm), NULL)
#7 /Applications/MAMP/htdocs/dar_yii/blog/protected/controllers/SiteController.php(94): CModel->validate()
#8 /Applications/MAMP/htdocs/dar_yii/framework/web/actions/CInlineAction.php(49): SiteController->actionLogin()
#9 /Applications/MAMP/htdocs/dar_yii/framework/web/CController.php(308): CInlineAction->runWithParams(Array)
#10 /Applications/MAMP/htdocs/dar_yii/framework/web/CController.php(286): CController->runAction(Object(CInlineAction))
#11 /Applications/MAMP/htdocs/dar_yii/framework/web/CController.php(265): CController->runActionWithFilters(Object(CInlineAction), Array)
#12 /Applications/MAMP/htdocs/dar_yii/framework/web/CWebApplication.php(282): CController->run('login')
#13 /Applications/MAMP/htdocs/dar_yii/framework/web/CWebApplication.php(141): CWebApplication->runController('site/login')
#14 /Applications/MAMP/htdocs/dar_yii/framework/base/CApplication.php(184): CWebApplication->processRequest()
#15 /Applications/MAMP/htdocs/dar_yii/blog/index.php(13): CApplication->run()
#16 {main}
REQUEST_URI=/dar_yii/blog/index.php?r=site/login
HTTP_REFERER=http://localhost/dar_yii/blog/index.php?r=site/login
---
2014/03/06 10:17:16 [error] [exception.CException] exception 'CException' with message 'Property "User.salt" is not defined.' in /Applications/MAMP/htdocs/dar_yii/framework/base/CComponent.php:130
Stack trace:
#0 /Applications/MAMP/htdocs/dar_yii/framework/db/ar/CActiveRecord.php(145): CComponent->__get('salt')
#1 /Applications/MAMP/htdocs/dar_yii/blog/protected/models/User.php(29): CActiveRecord->__get('salt')
#2 /Applications/MAMP/htdocs/dar_yii/blog/protected/components/UserIdentity.php(26): User->validatePassword('demo')
#3 /Applications/MAMP/htdocs/dar_yii/blog/protected/models/LoginForm.php(52): UserIdentity->authenticate()
#4 /Applications/MAMP/htdocs/dar_yii/framework/validators/CInlineValidator.php(42): LoginForm->authenticate('password', Array)
#5 /Applications/MAMP/htdocs/dar_yii/framework/validators/CValidator.php(213): CInlineValidator->validateAttribute(Object(LoginForm), 'password')
#6 /Applications/MAMP/htdocs/dar_yii/framework/base/CModel.php(159): CValidator->validate(Object(LoginForm), NULL)
#7 /Applications/MAMP/htdocs/dar_yii/blog/protected/controllers/SiteController.php(94): CModel->validate()
#8 /Applications/MAMP/htdocs/dar_yii/framework/web/actions/CInlineAction.php(49): SiteController->actionLogin()
#9 /Applications/MAMP/htdocs/dar_yii/framework/web/CController.php(308): CInlineAction->runWithParams(Array)
#10 /Applications/MAMP/htdocs/dar_yii/framework/web/CController.php(286): CController->runAction(Object(CInlineAction))
#11 /Applications/MAMP/htdocs/dar_yii/framework/web/CController.php(265): CController->runActionWithFilters(Object(CInlineAction), Array)
#12 /Applications/MAMP/htdocs/dar_yii/framework/web/CWebApplication.php(282): CController->run('login')
#13 /Applications/MAMP/htdocs/dar_yii/framework/web/CWebApplication.php(141): CWebApplication->runController('site/login')
#14 /Applications/MAMP/htdocs/dar_yii/framework/base/CApplication.php(184): CWebApplication->processRequest()
#15 /Applications/MAMP/htdocs/dar_yii/blog/index.php(13): CApplication->run()
#16 {main}
REQUEST_URI=/dar_yii/blog/index.php?r=site/login
HTTP_REFERER=http://localhost/dar_yii/blog/index.php?r=site/login
---
2014/03/06 10:17:20 [error] [exception.CException] exception 'CException' with message 'Property "User.salt" is not defined.' in /Applications/MAMP/htdocs/dar_yii/framework/base/CComponent.php:130
Stack trace:
#0 /Applications/MAMP/htdocs/dar_yii/framework/db/ar/CActiveRecord.php(145): CComponent->__get('salt')
#1 /Applications/MAMP/htdocs/dar_yii/blog/protected/models/User.php(29): CActiveRecord->__get('salt')
#2 /Applications/MAMP/htdocs/dar_yii/blog/protected/components/UserIdentity.php(26): User->validatePassword('demo')
#3 /Applications/MAMP/htdocs/dar_yii/blog/protected/models/LoginForm.php(52): UserIdentity->authenticate()
#4 /Applications/MAMP/htdocs/dar_yii/framework/validators/CInlineValidator.php(42): LoginForm->authenticate('password', Array)
#5 /Applications/MAMP/htdocs/dar_yii/framework/validators/CValidator.php(213): CInlineValidator->validateAttribute(Object(LoginForm), 'password')
#6 /Applications/MAMP/htdocs/dar_yii/framework/base/CModel.php(159): CValidator->validate(Object(LoginForm), NULL)
#7 /Applications/MAMP/htdocs/dar_yii/blog/protected/controllers/SiteController.php(94): CModel->validate()
#8 /Applications/MAMP/htdocs/dar_yii/framework/web/actions/CInlineAction.php(49): SiteController->actionLogin()
#9 /Applications/MAMP/htdocs/dar_yii/framework/web/CController.php(308): CInlineAction->runWithParams(Array)
#10 /Applications/MAMP/htdocs/dar_yii/framework/web/CController.php(286): CController->runAction(Object(CInlineAction))
#11 /Applications/MAMP/htdocs/dar_yii/framework/web/CController.php(265): CController->runActionWithFilters(Object(CInlineAction), Array)
#12 /Applications/MAMP/htdocs/dar_yii/framework/web/CWebApplication.php(282): CController->run('login')
#13 /Applications/MAMP/htdocs/dar_yii/framework/web/CWebApplication.php(141): CWebApplication->runController('site/login')
#14 /Applications/MAMP/htdocs/dar_yii/framework/base/CApplication.php(184): CWebApplication->processRequest()
#15 /Applications/MAMP/htdocs/dar_yii/blog/index.php(13): CApplication->run()
#16 {main}
REQUEST_URI=/dar_yii/blog/index.php?r=site/login
HTTP_REFERER=http://localhost/dar_yii/blog/index.php?r=site/login
---
2014/03/06 10:24:54 [error] [exception.CException] exception 'CException' with message 'Property "User.salt" is not defined.' in /Applications/MAMP/htdocs/dar_yii/framework/base/CComponent.php:130
Stack trace:
#0 /Applications/MAMP/htdocs/dar_yii/framework/db/ar/CActiveRecord.php(145): CComponent->__get('salt')
#1 /Applications/MAMP/htdocs/dar_yii/blog/protected/models/User.php(31): CActiveRecord->__get('salt')
#2 /Applications/MAMP/htdocs/dar_yii/blog/protected/components/UserIdentity.php(26): User->validatePassword('demo')
#3 /Applications/MAMP/htdocs/dar_yii/blog/protected/models/LoginForm.php(52): UserIdentity->authenticate()
#4 /Applications/MAMP/htdocs/dar_yii/framework/validators/CInlineValidator.php(42): LoginForm->authenticate('password', Array)
#5 /Applications/MAMP/htdocs/dar_yii/framework/validators/CValidator.php(213): CInlineValidator->validateAttribute(Object(LoginForm), 'password')
#6 /Applications/MAMP/htdocs/dar_yii/framework/base/CModel.php(159): CValidator->validate(Object(LoginForm), NULL)
#7 /Applications/MAMP/htdocs/dar_yii/blog/protected/controllers/SiteController.php(94): CModel->validate()
#8 /Applications/MAMP/htdocs/dar_yii/framework/web/actions/CInlineAction.php(49): SiteController->actionLogin()
#9 /Applications/MAMP/htdocs/dar_yii/framework/web/CController.php(308): CInlineAction->runWithParams(Array)
#10 /Applications/MAMP/htdocs/dar_yii/framework/web/CController.php(286): CController->runAction(Object(CInlineAction))
#11 /Applications/MAMP/htdocs/dar_yii/framework/web/CController.php(265): CController->runActionWithFilters(Object(CInlineAction), Array)
#12 /Applications/MAMP/htdocs/dar_yii/framework/web/CWebApplication.php(282): CController->run('login')
#13 /Applications/MAMP/htdocs/dar_yii/framework/web/CWebApplication.php(141): CWebApplication->runController('site/login')
#14 /Applications/MAMP/htdocs/dar_yii/framework/base/CApplication.php(184): CWebApplication->processRequest()
#15 /Applications/MAMP/htdocs/dar_yii/blog/index.php(13): CApplication->run()
#16 {main}
REQUEST_URI=/dar_yii/blog/index.php?r=site/login
HTTP_REFERER=http://localhost/dar_yii/blog/index.php?r=site/login
---
2014/03/06 10:24:57 [error] [exception.CException] exception 'CException' with message 'Property "User.salt" is not defined.' in /Applications/MAMP/htdocs/dar_yii/framework/base/CComponent.php:130
Stack trace:
#0 /Applications/MAMP/htdocs/dar_yii/framework/db/ar/CActiveRecord.php(145): CComponent->__get('salt')
#1 /Applications/MAMP/htdocs/dar_yii/blog/protected/models/User.php(31): CActiveRecord->__get('salt')
#2 /Applications/MAMP/htdocs/dar_yii/blog/protected/components/UserIdentity.php(26): User->validatePassword('demo')
#3 /Applications/MAMP/htdocs/dar_yii/blog/protected/models/LoginForm.php(52): UserIdentity->authenticate()
#4 /Applications/MAMP/htdocs/dar_yii/framework/validators/CInlineValidator.php(42): LoginForm->authenticate('password', Array)
#5 /Applications/MAMP/htdocs/dar_yii/framework/validators/CValidator.php(213): CInlineValidator->validateAttribute(Object(LoginForm), 'password')
#6 /Applications/MAMP/htdocs/dar_yii/framework/base/CModel.php(159): CValidator->validate(Object(LoginForm), NULL)
#7 /Applications/MAMP/htdocs/dar_yii/blog/protected/controllers/SiteController.php(94): CModel->validate()
#8 /Applications/MAMP/htdocs/dar_yii/framework/web/actions/CInlineAction.php(49): SiteController->actionLogin()
#9 /Applications/MAMP/htdocs/dar_yii/framework/web/CController.php(308): CInlineAction->runWithParams(Array)
#10 /Applications/MAMP/htdocs/dar_yii/framework/web/CController.php(286): CController->runAction(Object(CInlineAction))
#11 /Applications/MAMP/htdocs/dar_yii/framework/web/CController.php(265): CController->runActionWithFilters(Object(CInlineAction), Array)
#12 /Applications/MAMP/htdocs/dar_yii/framework/web/CWebApplication.php(282): CController->run('login')
#13 /Applications/MAMP/htdocs/dar_yii/framework/web/CWebApplication.php(141): CWebApplication->runController('site/login')
#14 /Applications/MAMP/htdocs/dar_yii/framework/base/CApplication.php(184): CWebApplication->processRequest()
#15 /Applications/MAMP/htdocs/dar_yii/blog/index.php(13): CApplication->run()
#16 {main}
REQUEST_URI=/dar_yii/blog/index.php?r=site/login
HTTP_REFERER=http://localhost/dar_yii/blog/index.php?r=site/login
---
2014/03/06 10:27:01 [error] [exception.CException] exception 'CException' with message 'Property "User.salt" is not defined.' in /Applications/MAMP/htdocs/dar_yii/framework/base/CComponent.php:130
Stack trace:
#0 /Applications/MAMP/htdocs/dar_yii/framework/db/ar/CActiveRecord.php(145): CComponent->__get('salt')
#1 /Applications/MAMP/htdocs/dar_yii/blog/protected/models/User.php(31): CActiveRecord->__get('salt')
#2 /Applications/MAMP/htdocs/dar_yii/blog/protected/components/UserIdentity.php(26): User->validatePassword('deni')
#3 /Applications/MAMP/htdocs/dar_yii/blog/protected/models/LoginForm.php(52): UserIdentity->authenticate()
#4 /Applications/MAMP/htdocs/dar_yii/framework/validators/CInlineValidator.php(42): LoginForm->authenticate('password', Array)
#5 /Applications/MAMP/htdocs/dar_yii/framework/validators/CValidator.php(213): CInlineValidator->validateAttribute(Object(LoginForm), 'password')
#6 /Applications/MAMP/htdocs/dar_yii/framework/base/CModel.php(159): CValidator->validate(Object(LoginForm), NULL)
#7 /Applications/MAMP/htdocs/dar_yii/blog/protected/controllers/SiteController.php(94): CModel->validate()
#8 /Applications/MAMP/htdocs/dar_yii/framework/web/actions/CInlineAction.php(49): SiteController->actionLogin()
#9 /Applications/MAMP/htdocs/dar_yii/framework/web/CController.php(308): CInlineAction->runWithParams(Array)
#10 /Applications/MAMP/htdocs/dar_yii/framework/web/CController.php(286): CController->runAction(Object(CInlineAction))
#11 /Applications/MAMP/htdocs/dar_yii/framework/web/CController.php(265): CController->runActionWithFilters(Object(CInlineAction), Array)
#12 /Applications/MAMP/htdocs/dar_yii/framework/web/CWebApplication.php(282): CController->run('login')
#13 /Applications/MAMP/htdocs/dar_yii/framework/web/CWebApplication.php(141): CWebApplication->runController('site/login')
#14 /Applications/MAMP/htdocs/dar_yii/framework/base/CApplication.php(184): CWebApplication->processRequest()
#15 /Applications/MAMP/htdocs/dar_yii/blog/index.php(13): CApplication->run()
#16 {main}
REQUEST_URI=/dar_yii/blog/index.php?r=site/login
HTTP_REFERER=http://localhost/dar_yii/blog/index.php?r=site/login
---
2014/03/06 10:28:09 [error] [exception.CException] exception 'CException' with message 'Property "User.salt" is not defined.' in /Applications/MAMP/htdocs/dar_yii/framework/base/CComponent.php:173
Stack trace:
#0 /Applications/MAMP/htdocs/dar_yii/framework/db/ar/CActiveRecord.php(161): CComponent->__set('salt', '5317dd39802a07....')
#1 /Applications/MAMP/htdocs/dar_yii/blog/protected/models/User.php(31): CActiveRecord->__set('salt', '5317dd39802a07....')
#2 /Applications/MAMP/htdocs/dar_yii/blog/protected/components/UserIdentity.php(26): User->validatePassword('deni')
#3 /Applications/MAMP/htdocs/dar_yii/blog/protected/models/LoginForm.php(52): UserIdentity->authenticate()
#4 /Applications/MAMP/htdocs/dar_yii/framework/validators/CInlineValidator.php(42): LoginForm->authenticate('password', Array)
#5 /Applications/MAMP/htdocs/dar_yii/framework/validators/CValidator.php(213): CInlineValidator->validateAttribute(Object(LoginForm), 'password')
#6 /Applications/MAMP/htdocs/dar_yii/framework/base/CModel.php(159): CValidator->validate(Object(LoginForm), NULL)
#7 /Applications/MAMP/htdocs/dar_yii/blog/protected/controllers/SiteController.php(94): CModel->validate()
#8 /Applications/MAMP/htdocs/dar_yii/framework/web/actions/CInlineAction.php(49): SiteController->actionLogin()
#9 /Applications/MAMP/htdocs/dar_yii/framework/web/CController.php(308): CInlineAction->runWithParams(Array)
#10 /Applications/MAMP/htdocs/dar_yii/framework/web/CController.php(286): CController->runAction(Object(CInlineAction))
#11 /Applications/MAMP/htdocs/dar_yii/framework/web/CController.php(265): CController->runActionWithFilters(Object(CInlineAction), Array)
#12 /Applications/MAMP/htdocs/dar_yii/framework/web/CWebApplication.php(282): CController->run('login')
#13 /Applications/MAMP/htdocs/dar_yii/framework/web/CWebApplication.php(141): CWebApplication->runController('site/login')
#14 /Applications/MAMP/htdocs/dar_yii/framework/base/CApplication.php(184): CWebApplication->processRequest()
#15 /Applications/MAMP/htdocs/dar_yii/blog/index.php(13): CApplication->run()
#16 {main}
REQUEST_URI=/dar_yii/blog/index.php?r=site/login
HTTP_REFERER=http://localhost/dar_yii/blog/index.php?r=site/login
---
2014/03/06 10:28:11 [error] [exception.CException] exception 'CException' with message 'Property "User.salt" is not defined.' in /Applications/MAMP/htdocs/dar_yii/framework/base/CComponent.php:173
Stack trace:
#0 /Applications/MAMP/htdocs/dar_yii/framework/db/ar/CActiveRecord.php(161): CComponent->__set('salt', '5317dd3b605667....')
#1 /Applications/MAMP/htdocs/dar_yii/blog/protected/models/User.php(31): CActiveRecord->__set('salt', '5317dd3b605667....')
#2 /Applications/MAMP/htdocs/dar_yii/blog/protected/components/UserIdentity.php(26): User->validatePassword('deni')
#3 /Applications/MAMP/htdocs/dar_yii/blog/protected/models/LoginForm.php(52): UserIdentity->authenticate()
#4 /Applications/MAMP/htdocs/dar_yii/framework/validators/CInlineValidator.php(42): LoginForm->authenticate('password', Array)
#5 /Applications/MAMP/htdocs/dar_yii/framework/validators/CValidator.php(213): CInlineValidator->validateAttribute(Object(LoginForm), 'password')
#6 /Applications/MAMP/htdocs/dar_yii/framework/base/CModel.php(159): CValidator->validate(Object(LoginForm), NULL)
#7 /Applications/MAMP/htdocs/dar_yii/blog/protected/controllers/SiteController.php(94): CModel->validate()
#8 /Applications/MAMP/htdocs/dar_yii/framework/web/actions/CInlineAction.php(49): SiteController->actionLogin()
#9 /Applications/MAMP/htdocs/dar_yii/framework/web/CController.php(308): CInlineAction->runWithParams(Array)
#10 /Applications/MAMP/htdocs/dar_yii/framework/web/CController.php(286): CController->runAction(Object(CInlineAction))
#11 /Applications/MAMP/htdocs/dar_yii/framework/web/CController.php(265): CController->runActionWithFilters(Object(CInlineAction), Array)
#12 /Applications/MAMP/htdocs/dar_yii/framework/web/CWebApplication.php(282): CController->run('login')
#13 /Applications/MAMP/htdocs/dar_yii/framework/web/CWebApplication.php(141): CWebApplication->runController('site/login')
#14 /Applications/MAMP/htdocs/dar_yii/framework/base/CApplication.php(184): CWebApplication->processRequest()
#15 /Applications/MAMP/htdocs/dar_yii/blog/index.php(13): CApplication->run()
#16 {main}
REQUEST_URI=/dar_yii/blog/index.php?r=site/login
HTTP_REFERER=http://localhost/dar_yii/blog/index.php?r=site/login
---
2014/03/06 10:28:44 [error] [exception.CException] exception 'CException' with message 'Property "User.salt" is not defined.' in /Applications/MAMP/htdocs/dar_yii/framework/base/CComponent.php:173
Stack trace:
#0 /Applications/MAMP/htdocs/dar_yii/framework/db/ar/CActiveRecord.php(161): CComponent->__set('salt', '5317dd5c4ee559....')
#1 /Applications/MAMP/htdocs/dar_yii/blog/protected/models/User.php(32): CActiveRecord->__set('salt', '5317dd5c4ee559....')
#2 /Applications/MAMP/htdocs/dar_yii/blog/protected/components/UserIdentity.php(26): User->validatePassword('deni')
#3 /Applications/MAMP/htdocs/dar_yii/blog/protected/models/LoginForm.php(52): UserIdentity->authenticate()
#4 /Applications/MAMP/htdocs/dar_yii/framework/validators/CInlineValidator.php(42): LoginForm->authenticate('password', Array)
#5 /Applications/MAMP/htdocs/dar_yii/framework/validators/CValidator.php(213): CInlineValidator->validateAttribute(Object(LoginForm), 'password')
#6 /Applications/MAMP/htdocs/dar_yii/framework/base/CModel.php(159): CValidator->validate(Object(LoginForm), NULL)
#7 /Applications/MAMP/htdocs/dar_yii/blog/protected/controllers/SiteController.php(94): CModel->validate()
#8 /Applications/MAMP/htdocs/dar_yii/framework/web/actions/CInlineAction.php(49): SiteController->actionLogin()
#9 /Applications/MAMP/htdocs/dar_yii/framework/web/CController.php(308): CInlineAction->runWithParams(Array)
#10 /Applications/MAMP/htdocs/dar_yii/framework/web/CController.php(286): CController->runAction(Object(CInlineAction))
#11 /Applications/MAMP/htdocs/dar_yii/framework/web/CController.php(265): CController->runActionWithFilters(Object(CInlineAction), Array)
#12 /Applications/MAMP/htdocs/dar_yii/framework/web/CWebApplication.php(282): CController->run('login')
#13 /Applications/MAMP/htdocs/dar_yii/framework/web/CWebApplication.php(141): CWebApplication->runController('site/login')
#14 /Applications/MAMP/htdocs/dar_yii/framework/base/CApplication.php(184): CWebApplication->processRequest()
#15 /Applications/MAMP/htdocs/dar_yii/blog/index.php(13): CApplication->run()
#16 {main}
REQUEST_URI=/dar_yii/blog/index.php?r=site/login
HTTP_REFERER=http://localhost/dar_yii/blog/index.php?r=site/login
---
2014/03/06 10:28:45 [error] [exception.CException] exception 'CException' with message 'Property "User.salt" is not defined.' in /Applications/MAMP/htdocs/dar_yii/framework/base/CComponent.php:173
Stack trace:
#0 /Applications/MAMP/htdocs/dar_yii/framework/db/ar/CActiveRecord.php(161): CComponent->__set('salt', '5317dd5dec9c00....')
#1 /Applications/MAMP/htdocs/dar_yii/blog/protected/models/User.php(32): CActiveRecord->__set('salt', '5317dd5dec9c00....')
#2 /Applications/MAMP/htdocs/dar_yii/blog/protected/components/UserIdentity.php(26): User->validatePassword('deni')
#3 /Applications/MAMP/htdocs/dar_yii/blog/protected/models/LoginForm.php(52): UserIdentity->authenticate()
#4 /Applications/MAMP/htdocs/dar_yii/framework/validators/CInlineValidator.php(42): LoginForm->authenticate('password', Array)
#5 /Applications/MAMP/htdocs/dar_yii/framework/validators/CValidator.php(213): CInlineValidator->validateAttribute(Object(LoginForm), 'password')
#6 /Applications/MAMP/htdocs/dar_yii/framework/base/CModel.php(159): CValidator->validate(Object(LoginForm), NULL)
#7 /Applications/MAMP/htdocs/dar_yii/blog/protected/controllers/SiteController.php(94): CModel->validate()
#8 /Applications/MAMP/htdocs/dar_yii/framework/web/actions/CInlineAction.php(49): SiteController->actionLogin()
#9 /Applications/MAMP/htdocs/dar_yii/framework/web/CController.php(308): CInlineAction->runWithParams(Array)
#10 /Applications/MAMP/htdocs/dar_yii/framework/web/CController.php(286): CController->runAction(Object(CInlineAction))
#11 /Applications/MAMP/htdocs/dar_yii/framework/web/CController.php(265): CController->runActionWithFilters(Object(CInlineAction), Array)
#12 /Applications/MAMP/htdocs/dar_yii/framework/web/CWebApplication.php(282): CController->run('login')
#13 /Applications/MAMP/htdocs/dar_yii/framework/web/CWebApplication.php(141): CWebApplication->runController('site/login')
#14 /Applications/MAMP/htdocs/dar_yii/framework/base/CApplication.php(184): CWebApplication->processRequest()
#15 /Applications/MAMP/htdocs/dar_yii/blog/index.php(13): CApplication->run()
#16 {main}
REQUEST_URI=/dar_yii/blog/index.php?r=site/login
HTTP_REFERER=http://localhost/dar_yii/blog/index.php?r=site/login
---
2014/03/06 10:30:10 [error] [exception.CException] exception 'CException' with message 'Property "User.salt" is not defined.' in /Applications/MAMP/htdocs/dar_yii/framework/base/CComponent.php:130
Stack trace:
#0 /Applications/MAMP/htdocs/dar_yii/framework/db/ar/CActiveRecord.php(145): CComponent->__get('salt')
#1 /Applications/MAMP/htdocs/dar_yii/blog/protected/models/User.php(32): CActiveRecord->__get('salt')
#2 /Applications/MAMP/htdocs/dar_yii/blog/protected/components/UserIdentity.php(26): User->validatePassword('demo')
#3 /Applications/MAMP/htdocs/dar_yii/blog/protected/models/LoginForm.php(52): UserIdentity->authenticate()
#4 /Applications/MAMP/htdocs/dar_yii/framework/validators/CInlineValidator.php(42): LoginForm->authenticate('password', Array)
#5 /Applications/MAMP/htdocs/dar_yii/framework/validators/CValidator.php(213): CInlineValidator->validateAttribute(Object(LoginForm), 'password')
#6 /Applications/MAMP/htdocs/dar_yii/framework/base/CModel.php(159): CValidator->validate(Object(LoginForm), NULL)
#7 /Applications/MAMP/htdocs/dar_yii/blog/protected/controllers/SiteController.php(94): CModel->validate()
#8 /Applications/MAMP/htdocs/dar_yii/framework/web/actions/CInlineAction.php(49): SiteController->actionLogin()
#9 /Applications/MAMP/htdocs/dar_yii/framework/web/CController.php(308): CInlineAction->runWithParams(Array)
#10 /Applications/MAMP/htdocs/dar_yii/framework/web/CController.php(286): CController->runAction(Object(CInlineAction))
#11 /Applications/MAMP/htdocs/dar_yii/framework/web/CController.php(265): CController->runActionWithFilters(Object(CInlineAction), Array)
#12 /Applications/MAMP/htdocs/dar_yii/framework/web/CWebApplication.php(282): CController->run('login')
#13 /Applications/MAMP/htdocs/dar_yii/framework/web/CWebApplication.php(141): CWebApplication->runController('site/login')
#14 /Applications/MAMP/htdocs/dar_yii/framework/base/CApplication.php(184): CWebApplication->processRequest()
#15 /Applications/MAMP/htdocs/dar_yii/blog/index.php(13): CApplication->run()
#16 {main}
REQUEST_URI=/dar_yii/blog/index.php?r=site/login
HTTP_REFERER=http://localhost/dar_yii/blog/index.php?r=site/login
---
2014/03/06 10:47:40 [error] [exception.CException] exception 'CException' with message 'Property "User.salt" is not defined.' in /Applications/MAMP/htdocs/dar_yii/framework/base/CComponent.php:130
Stack trace:
#0 /Applications/MAMP/htdocs/dar_yii/framework/db/ar/CActiveRecord.php(145): CComponent->__get('salt')
#1 /Applications/MAMP/htdocs/dar_yii/blog/protected/models/User.php(32): CActiveRecord->__get('salt')
#2 /Applications/MAMP/htdocs/dar_yii/blog/protected/components/UserIdentity.php(26): User->validatePassword('demo')
#3 /Applications/MAMP/htdocs/dar_yii/blog/protected/models/LoginForm.php(52): UserIdentity->authenticate()
#4 /Applications/MAMP/htdocs/dar_yii/framework/validators/CInlineValidator.php(42): LoginForm->authenticate('password', Array)
#5 /Applications/MAMP/htdocs/dar_yii/framework/validators/CValidator.php(213): CInlineValidator->validateAttribute(Object(LoginForm), 'password')
#6 /Applications/MAMP/htdocs/dar_yii/framework/base/CModel.php(159): CValidator->validate(Object(LoginForm), NULL)
#7 /Applications/MAMP/htdocs/dar_yii/blog/protected/controllers/SiteController.php(94): CModel->validate()
#8 /Applications/MAMP/htdocs/dar_yii/framework/web/actions/CInlineAction.php(49): SiteController->actionLogin()
#9 /Applications/MAMP/htdocs/dar_yii/framework/web/CController.php(308): CInlineAction->runWithParams(Array)
#10 /Applications/MAMP/htdocs/dar_yii/framework/web/CController.php(286): CController->runAction(Object(CInlineAction))
#11 /Applications/MAMP/htdocs/dar_yii/framework/web/CController.php(265): CController->runActionWithFilters(Object(CInlineAction), Array)
#12 /Applications/MAMP/htdocs/dar_yii/framework/web/CWebApplication.php(282): CController->run('login')
#13 /Applications/MAMP/htdocs/dar_yii/framework/web/CWebApplication.php(141): CWebApplication->runController('site/login')
#14 /Applications/MAMP/htdocs/dar_yii/framework/base/CApplication.php(184): CWebApplication->processRequest()
#15 /Applications/MAMP/htdocs/dar_yii/blog/index.php(13): CApplication->run()
#16 {main}
REQUEST_URI=/dar_yii/blog/index.php?r=site/login
HTTP_REFERER=http://localhost/dar_yii/blog/index.php?r=site/login
---
2014/03/06 10:49:37 [error] [php] include(Security.php): failed to open stream: No such file or directory (/Applications/MAMP/htdocs/dar_yii/framework/YiiBase.php:432)
Stack trace:
#0 /Applications/MAMP/htdocs/dar_yii/blog/protected/models/User.php(34): spl_autoload_call()
#1 /Applications/MAMP/htdocs/dar_yii/blog/protected/components/UserIdentity.php(26): User->validatePassword()
#2 /Applications/MAMP/htdocs/dar_yii/blog/protected/models/LoginForm.php(52): UserIdentity->authenticate()
#3 /Applications/MAMP/htdocs/dar_yii/framework/validators/CInlineValidator.php(42): LoginForm->authenticate()
#4 /Applications/MAMP/htdocs/dar_yii/framework/validators/CValidator.php(213): CInlineValidator->validateAttribute()
#5 /Applications/MAMP/htdocs/dar_yii/framework/base/CModel.php(159): CInlineValidator->validate()
#6 /Applications/MAMP/htdocs/dar_yii/blog/protected/controllers/SiteController.php(94): LoginForm->validate()
#7 /Applications/MAMP/htdocs/dar_yii/framework/web/actions/CInlineAction.php(49): SiteController->actionLogin()
#8 /Applications/MAMP/htdocs/dar_yii/framework/web/CController.php(308): CInlineAction->runWithParams()
#9 /Applications/MAMP/htdocs/dar_yii/framework/web/CController.php(286): SiteController->runAction()
#10 /Applications/MAMP/htdocs/dar_yii/framework/web/CController.php(265): SiteController->runActionWithFilters()
#11 /Applications/MAMP/htdocs/dar_yii/framework/web/CWebApplication.php(282): SiteController->run()
#12 /Applications/MAMP/htdocs/dar_yii/framework/web/CWebApplication.php(141): CWebApplication->runController()
#13 /Applications/MAMP/htdocs/dar_yii/framework/base/CApplication.php(184): CWebApplication->processRequest()
#14 /Applications/MAMP/htdocs/dar_yii/blog/index.php(13): CWebApplication->run()
REQUEST_URI=/dar_yii/blog/index.php?r=site/login
in /Applications/MAMP/htdocs/dar_yii/blog/protected/models/User.php (34)
in /Applications/MAMP/htdocs/dar_yii/blog/protected/components/UserIdentity.php (26)
in /Applications/MAMP/htdocs/dar_yii/blog/protected/models/LoginForm.php (52)
2014/03/06 10:51:45 [error] [exception.CException] exception 'CException' with message 'Property "User.salt" is not defined.' in /Applications/MAMP/htdocs/dar_yii/framework/base/CComponent.php:130
Stack trace:
#0 /Applications/MAMP/htdocs/dar_yii/framework/db/ar/CActiveRecord.php(145): CComponent->__get('salt')
#1 /Applications/MAMP/htdocs/dar_yii/blog/protected/models/User.php(34): CActiveRecord->__get('salt')
#2 /Applications/MAMP/htdocs/dar_yii/blog/protected/components/UserIdentity.php(26): User->validatePassword('demo')
#3 /Applications/MAMP/htdocs/dar_yii/blog/protected/models/LoginForm.php(52): UserIdentity->authenticate()
#4 /Applications/MAMP/htdocs/dar_yii/framework/validators/CInlineValidator.php(42): LoginForm->authenticate('password', Array)
#5 /Applications/MAMP/htdocs/dar_yii/framework/validators/CValidator.php(213): CInlineValidator->validateAttribute(Object(LoginForm), 'password')
#6 /Applications/MAMP/htdocs/dar_yii/framework/base/CModel.php(159): CValidator->validate(Object(LoginForm), NULL)
#7 /Applications/MAMP/htdocs/dar_yii/blog/protected/controllers/SiteController.php(94): CModel->validate()
#8 /Applications/MAMP/htdocs/dar_yii/framework/web/actions/CInlineAction.php(49): SiteController->actionLogin()
#9 /Applications/MAMP/htdocs/dar_yii/framework/web/CController.php(308): CInlineAction->runWithParams(Array)
#10 /Applications/MAMP/htdocs/dar_yii/framework/web/CController.php(286): CController->runAction(Object(CInlineAction))
#11 /Applications/MAMP/htdocs/dar_yii/framework/web/CController.php(265): CController->runActionWithFilters(Object(CInlineAction), Array)
#12 /Applications/MAMP/htdocs/dar_yii/framework/web/CWebApplication.php(282): CController->run('login')
#13 /Applications/MAMP/htdocs/dar_yii/framework/web/CWebApplication.php(141): CWebApplication->runController('site/login')
#14 /Applications/MAMP/htdocs/dar_yii/framework/base/CApplication.php(184): CWebApplication->processRequest()
#15 /Applications/MAMP/htdocs/dar_yii/blog/index.php(13): CApplication->run()
#16 {main}
REQUEST_URI=/dar_yii/blog/index.php?r=site/login
HTTP_REFERER=http://localhost/dar_yii/blog/index.php?r=site/login
---
2014/03/06 10:56:47 [error] [php] Undefined variable: use (/Applications/MAMP/htdocs/dar_yii/blog/protected/components/UserIdentity.php:31)
Stack trace:
#0 /Applications/MAMP/htdocs/dar_yii/framework/validators/CValidator.php(213): CInlineValidator->validateAttribute()
#1 /Applications/MAMP/htdocs/dar_yii/framework/base/CModel.php(159): CInlineValidator->validate()
#2 /Applications/MAMP/htdocs/dar_yii/blog/protected/controllers/SiteController.php(94): LoginForm->validate()
#3 /Applications/MAMP/htdocs/dar_yii/framework/web/actions/CInlineAction.php(49): SiteController->actionLogin()
#4 /Applications/MAMP/htdocs/dar_yii/framework/web/CController.php(308): CInlineAction->runWithParams()
#5 /Applications/MAMP/htdocs/dar_yii/framework/web/CController.php(286): SiteController->runAction()
#6 /Applications/MAMP/htdocs/dar_yii/framework/web/CController.php(265): SiteController->runActionWithFilters()
#7 /Applications/MAMP/htdocs/dar_yii/framework/web/CWebApplication.php(282): SiteController->run()
#8 /Applications/MAMP/htdocs/dar_yii/framework/web/CWebApplication.php(141): CWebApplication->runController()
#9 /Applications/MAMP/htdocs/dar_yii/framework/base/CApplication.php(184): CWebApplication->processRequest()
#10 /Applications/MAMP/htdocs/dar_yii/blog/index.php(13): CWebApplication->run()
REQUEST_URI=/dar_yii/blog/index.php?r=site/login
in /Applications/MAMP/htdocs/dar_yii/blog/protected/components/UserIdentity.php (31)
in /Applications/MAMP/htdocs/dar_yii/blog/protected/models/LoginForm.php (52)
in /Applications/MAMP/htdocs/dar_yii/blog/protected/controllers/SiteController.php (94)
2014/03/06 10:56:55 [error] [php] Undefined variable: use (/Applications/MAMP/htdocs/dar_yii/blog/protected/components/UserIdentity.php:31)
Stack trace:
#0 /Applications/MAMP/htdocs/dar_yii/framework/validators/CValidator.php(213): CInlineValidator->validateAttribute()
#1 /Applications/MAMP/htdocs/dar_yii/framework/base/CModel.php(159): CInlineValidator->validate()
#2 /Applications/MAMP/htdocs/dar_yii/blog/protected/controllers/SiteController.php(94): LoginForm->validate()
#3 /Applications/MAMP/htdocs/dar_yii/framework/web/actions/CInlineAction.php(49): SiteController->actionLogin()
#4 /Applications/MAMP/htdocs/dar_yii/framework/web/CController.php(308): CInlineAction->runWithParams()
#5 /Applications/MAMP/htdocs/dar_yii/framework/web/CController.php(286): SiteController->runAction()
#6 /Applications/MAMP/htdocs/dar_yii/framework/web/CController.php(265): SiteController->runActionWithFilters()
#7 /Applications/MAMP/htdocs/dar_yii/framework/web/CWebApplication.php(282): SiteController->run()
#8 /Applications/MAMP/htdocs/dar_yii/framework/web/CWebApplication.php(141): CWebApplication->runController()
#9 /Applications/MAMP/htdocs/dar_yii/framework/base/CApplication.php(184): CWebApplication->processRequest()
#10 /Applications/MAMP/htdocs/dar_yii/blog/index.php(13): CWebApplication->run()
REQUEST_URI=/dar_yii/blog/index.php?r=site/login
in /Applications/MAMP/htdocs/dar_yii/blog/protected/components/UserIdentity.php (31)
in /Applications/MAMP/htdocs/dar_yii/blog/protected/models/LoginForm.php (52)
in /Applications/MAMP/htdocs/dar_yii/blog/protected/controllers/SiteController.php (94)
2014/03/06 10:56:57 [error] [php] Undefined variable: use (/Applications/MAMP/htdocs/dar_yii/blog/protected/components/UserIdentity.php:31)
Stack trace:
#0 /Applications/MAMP/htdocs/dar_yii/framework/validators/CValidator.php(213): CInlineValidator->validateAttribute()
#1 /Applications/MAMP/htdocs/dar_yii/framework/base/CModel.php(159): CInlineValidator->validate()
#2 /Applications/MAMP/htdocs/dar_yii/blog/protected/controllers/SiteController.php(94): LoginForm->validate()
#3 /Applications/MAMP/htdocs/dar_yii/framework/web/actions/CInlineAction.php(49): SiteController->actionLogin()
#4 /Applications/MAMP/htdocs/dar_yii/framework/web/CController.php(308): CInlineAction->runWithParams()
#5 /Applications/MAMP/htdocs/dar_yii/framework/web/CController.php(286): SiteController->runAction()
#6 /Applications/MAMP/htdocs/dar_yii/framework/web/CController.php(265): SiteController->runActionWithFilters()
#7 /Applications/MAMP/htdocs/dar_yii/framework/web/CWebApplication.php(282): SiteController->run()
#8 /Applications/MAMP/htdocs/dar_yii/framework/web/CWebApplication.php(141): CWebApplication->runController()
#9 /Applications/MAMP/htdocs/dar_yii/framework/base/CApplication.php(184): CWebApplication->processRequest()
#10 /Applications/MAMP/htdocs/dar_yii/blog/index.php(13): CWebApplication->run()
REQUEST_URI=/dar_yii/blog/index.php?r=site/login
in /Applications/MAMP/htdocs/dar_yii/blog/protected/components/UserIdentity.php (31)
in /Applications/MAMP/htdocs/dar_yii/blog/protected/models/LoginForm.php (52)
in /Applications/MAMP/htdocs/dar_yii/blog/protected/controllers/SiteController.php (94)
2014/03/06 10:57:16 [error] [php] Undefined variable: use (/Applications/MAMP/htdocs/dar_yii/blog/protected/components/UserIdentity.php:31)
Stack trace:
#0 /Applications/MAMP/htdocs/dar_yii/framework/validators/CValidator.php(213): CInlineValidator->validateAttribute()
#1 /Applications/MAMP/htdocs/dar_yii/framework/base/CModel.php(159): CInlineValidator->validate()
#2 /Applications/MAMP/htdocs/dar_yii/blog/protected/controllers/SiteController.php(94): LoginForm->validate()
#3 /Applications/MAMP/htdocs/dar_yii/framework/web/actions/CInlineAction.php(49): SiteController->actionLogin()
#4 /Applications/MAMP/htdocs/dar_yii/framework/web/CController.php(308): CInlineAction->runWithParams()
#5 /Applications/MAMP/htdocs/dar_yii/framework/web/CController.php(286): SiteController->runAction()
#6 /Applications/MAMP/htdocs/dar_yii/framework/web/CController.php(265): SiteController->runActionWithFilters()
#7 /Applications/MAMP/htdocs/dar_yii/framework/web/CWebApplication.php(282): SiteController->run()
#8 /Applications/MAMP/htdocs/dar_yii/framework/web/CWebApplication.php(141): CWebApplication->runController()
#9 /Applications/MAMP/htdocs/dar_yii/framework/base/CApplication.php(184): CWebApplication->processRequest()
#10 /Applications/MAMP/htdocs/dar_yii/blog/index.php(13): CWebApplication->run()
REQUEST_URI=/dar_yii/blog/index.php?r=site/login
in /Applications/MAMP/htdocs/dar_yii/blog/protected/components/UserIdentity.php (31)
in /Applications/MAMP/htdocs/dar_yii/blog/protected/models/LoginForm.php (52)
in /Applications/MAMP/htdocs/dar_yii/blog/protected/controllers/SiteController.php (94)
2014/03/06 10:57:36 [error] [php] Undefined variable: use (/Applications/MAMP/htdocs/dar_yii/blog/protected/components/UserIdentity.php:31)
Stack trace:
#0 /Applications/MAMP/htdocs/dar_yii/framework/validators/CValidator.php(213): CInlineValidator->validateAttribute()
#1 /Applications/MAMP/htdocs/dar_yii/framework/base/CModel.php(159): CInlineValidator->validate()
#2 /Applications/MAMP/htdocs/dar_yii/blog/protected/controllers/SiteController.php(94): LoginForm->validate()
#3 /Applications/MAMP/htdocs/dar_yii/framework/web/actions/CInlineAction.php(49): SiteController->actionLogin()
#4 /Applications/MAMP/htdocs/dar_yii/framework/web/CController.php(308): CInlineAction->runWithParams()
#5 /Applications/MAMP/htdocs/dar_yii/framework/web/CController.php(286): SiteController->runAction()
#6 /Applications/MAMP/htdocs/dar_yii/framework/web/CController.php(265): SiteController->runActionWithFilters()
#7 /Applications/MAMP/htdocs/dar_yii/framework/web/CWebApplication.php(282): SiteController->run()
#8 /Applications/MAMP/htdocs/dar_yii/framework/web/CWebApplication.php(141): CWebApplication->runController()
#9 /Applications/MAMP/htdocs/dar_yii/framework/base/CApplication.php(184): CWebApplication->processRequest()
#10 /Applications/MAMP/htdocs/dar_yii/blog/index.php(13): CWebApplication->run()
REQUEST_URI=/dar_yii/blog/index.php?r=site/login
in /Applications/MAMP/htdocs/dar_yii/blog/protected/components/UserIdentity.php (31)
in /Applications/MAMP/htdocs/dar_yii/blog/protected/models/LoginForm.php (52)
in /Applications/MAMP/htdocs/dar_yii/blog/protected/controllers/SiteController.php (94)
2014/03/06 10:57:44 [error] [php] Undefined variable: use (/Applications/MAMP/htdocs/dar_yii/blog/protected/components/UserIdentity.php:31)
Stack trace:
#0 /Applications/MAMP/htdocs/dar_yii/framework/validators/CValidator.php(213): CInlineValidator->validateAttribute()
#1 /Applications/MAMP/htdocs/dar_yii/framework/base/CModel.php(159): CInlineValidator->validate()
#2 /Applications/MAMP/htdocs/dar_yii/blog/protected/controllers/SiteController.php(94): LoginForm->validate()
#3 /Applications/MAMP/htdocs/dar_yii/framework/web/actions/CInlineAction.php(49): SiteController->actionLogin()
#4 /Applications/MAMP/htdocs/dar_yii/framework/web/CController.php(308): CInlineAction->runWithParams()
#5 /Applications/MAMP/htdocs/dar_yii/framework/web/CController.php(286): SiteController->runAction()
#6 /Applications/MAMP/htdocs/dar_yii/framework/web/CController.php(265): SiteController->runActionWithFilters()
#7 /Applications/MAMP/htdocs/dar_yii/framework/web/CWebApplication.php(282): SiteController->run()
#8 /Applications/MAMP/htdocs/dar_yii/framework/web/CWebApplication.php(141): CWebApplication->runController()
#9 /Applications/MAMP/htdocs/dar_yii/framework/base/CApplication.php(184): CWebApplication->processRequest()
#10 /Applications/MAMP/htdocs/dar_yii/blog/index.php(13): CWebApplication->run()
REQUEST_URI=/dar_yii/blog/index.php?r=site/login
in /Applications/MAMP/htdocs/dar_yii/blog/protected/components/UserIdentity.php (31)
in /Applications/MAMP/htdocs/dar_yii/blog/protected/models/LoginForm.php (52)
in /Applications/MAMP/htdocs/dar_yii/blog/protected/controllers/SiteController.php (94)
2014/03/06 10:58:04 [error] [php] Undefined variable: use (/Applications/MAMP/htdocs/dar_yii/blog/protected/components/UserIdentity.php:31)
Stack trace:
#0 /Applications/MAMP/htdocs/dar_yii/framework/validators/CValidator.php(213): CInlineValidator->validateAttribute()
#1 /Applications/MAMP/htdocs/dar_yii/framework/base/CModel.php(159): CInlineValidator->validate()
#2 /Applications/MAMP/htdocs/dar_yii/blog/protected/controllers/SiteController.php(94): LoginForm->validate()
#3 /Applications/MAMP/htdocs/dar_yii/framework/web/actions/CInlineAction.php(49): SiteController->actionLogin()
#4 /Applications/MAMP/htdocs/dar_yii/framework/web/CController.php(308): CInlineAction->runWithParams()
#5 /Applications/MAMP/htdocs/dar_yii/framework/web/CController.php(286): SiteController->runAction()
#6 /Applications/MAMP/htdocs/dar_yii/framework/web/CController.php(265): SiteController->runActionWithFilters()
#7 /Applications/MAMP/htdocs/dar_yii/framework/web/CWebApplication.php(282): SiteController->run()
#8 /Applications/MAMP/htdocs/dar_yii/framework/web/CWebApplication.php(141): CWebApplication->runController()
#9 /Applications/MAMP/htdocs/dar_yii/framework/base/CApplication.php(184): CWebApplication->processRequest()
#10 /Applications/MAMP/htdocs/dar_yii/blog/index.php(13): CWebApplication->run()
REQUEST_URI=/dar_yii/blog/index.php?r=site/login
in /Applications/MAMP/htdocs/dar_yii/blog/protected/components/UserIdentity.php (31)
in /Applications/MAMP/htdocs/dar_yii/blog/protected/models/LoginForm.php (52)
in /Applications/MAMP/htdocs/dar_yii/blog/protected/controllers/SiteController.php (94)
2014/03/06 11:01:09 [error] [php] Use of undefined constant username - assumed 'username' (/Applications/MAMP/htdocs/dar_yii/blog/protected/components/UserIdentity.php:31)
Stack trace:
#0 /Applications/MAMP/htdocs/dar_yii/framework/validators/CValidator.php(213): CInlineValidator->validateAttribute()
#1 /Applications/MAMP/htdocs/dar_yii/framework/base/CModel.php(159): CInlineValidator->validate()
#2 /Applications/MAMP/htdocs/dar_yii/blog/protected/controllers/SiteController.php(94): LoginForm->validate()
#3 /Applications/MAMP/htdocs/dar_yii/framework/web/actions/CInlineAction.php(49): SiteController->actionLogin()
#4 /Applications/MAMP/htdocs/dar_yii/framework/web/CController.php(308): CInlineAction->runWithParams()
#5 /Applications/MAMP/htdocs/dar_yii/framework/web/CController.php(286): SiteController->runAction()
#6 /Applications/MAMP/htdocs/dar_yii/framework/web/CController.php(265): SiteController->runActionWithFilters()
#7 /Applications/MAMP/htdocs/dar_yii/framework/web/CWebApplication.php(282): SiteController->run()
#8 /Applications/MAMP/htdocs/dar_yii/framework/web/CWebApplication.php(141): CWebApplication->runController()
#9 /Applications/MAMP/htdocs/dar_yii/framework/base/CApplication.php(184): CWebApplication->processRequest()
#10 /Applications/MAMP/htdocs/dar_yii/blog/index.php(13): CWebApplication->run()
REQUEST_URI=/dar_yii/blog/index.php?r=site/login
in /Applications/MAMP/htdocs/dar_yii/blog/protected/components/UserIdentity.php (31)
in /Applications/MAMP/htdocs/dar_yii/blog/protected/models/LoginForm.php (52)
in /Applications/MAMP/htdocs/dar_yii/blog/protected/controllers/SiteController.php (94)
